(Iteration n. 0) performing code generation with shortest_path...
Error in StdOutCallbackHandler.on_chain_start callback: AttributeError("'NoneType' object has no attribute 'get'")
Called Step2VerifierDetailed with response=from collections import defaultdict, deque
from typing import Dict, List, Optional

def compute_routing_paths(topology: Dict[str, Dict[int, str]], network_requirements: Optional[None] = None) -> Dict[str, Dict[str, List[str]]]:
    # Build graph: adjacency list of devices (nodes) connected via LANs
    # First, group devices by LAN
    lan_to_devices = defaultdict(list)
    for device, ports in topology.items():
        for port, lan in ports.items():
            lan_to_devices[lan].append(device)

    # Build adjacency: for each LAN, connect all devices in that LAN (fully connected)
    adj = defaultdict(set)
    for lan, devices in lan_to_devices.items():
        for i in range(len(devices)):
            for j in range(i+1, len(devices)):
                d1 = devices[i]
                d2 = devices[j]
                adj[d1].add(d2)
                adj[d2].add(d1)

    # Identify hosts (names starting with 'h')
    hosts = [device for device in topology if device.startswith('h')]

    # For each host, compute shortest paths to all other hosts using BFS
    paths_dict = {}
    for src in hosts:
        # BFS from src to all other nodes
        visited = {src}
        queue = deque([(src, [src])])
        paths = {}
        while queue:
            current, path = queue.popleft()
            if current.startswith('h') and current != src:
                paths[current] = path
            for neighbor in adj[current]:
                if neighbor not in visited:
                    visited.add(neighbor)
                    queue.append((neighbor, path + [neighbor]))
        if paths:
            paths_dict[src] = paths

    return paths_dict, data={'extend': True, 'input': '\n', 'metadata': {'test_path': '/workspace/research/netconfeval/assets/step_2_tests/path_tests'}}
Test output ============================= test session starts ==============================
platform linux -- Python 3.11.15, pytest-9.1.1, pluggy-1.6.0 -- /usr/local/bin/python
cachedir: .pytest_cache
rootdir: /tmp/tmpu0eisopd
plugins: anyio-4.14.1
collecting ... collected 1 item
run-last-failure: no previously failed tests, not deselecting items.

../../../../tmp/tmpu0eisopd/test_code.py::test_gpt_output PASSED         [100%]

============================== 1 passed in 0.01s ===============================

Test output ============================= test session starts ==============================
platform linux -- Python 3.11.15, pytest-9.1.1, pluggy-1.6.0 -- /usr/local/bin/python
cachedir: .pytest_cache
rootdir: /tmp/tmp4m60vh_7
plugins: anyio-4.14.1
collecting ... collected 1 item
run-last-failure: no previously failed tests, not deselecting items.

../../../../tmp/tmp4m60vh_7/test_code.py::test_gpt_output PASSED         [100%]

============================== 1 passed in 0.01s ===============================

Test output ============================= test session starts ==============================
platform linux -- Python 3.11.15, pytest-9.1.1, pluggy-1.6.0 -- /usr/local/bin/python
cachedir: .pytest_cache
rootdir: /tmp/tmpgctrveiu
plugins: anyio-4.14.1
collecting ... collected 1 item
run-last-failure: no previously failed tests, not deselecting items.

../../../../tmp/tmpgctrveiu/test_code.py::test_gpt_output PASSED         [100%]

============================== 1 passed in 0.01s ===============================

from collections import defaultdict, deque
from typing import Dict, List, Optional

def compute_routing_paths(topology: Dict[str, Dict[int, str]], network_requirements: Optional[None] = None) -> Dict[str, Dict[str, List[str]]]:
    # Build graph: adjacency list of devices (nodes) connected via LANs
    # First, group devices by LAN
    lan_to_devices = defaultdict(list)
    for device, ports in topology.items():
        for port, lan in ports.items():
            lan_to_devices[lan].append(device)

    # Build adjacency: for each LAN, connect all devices in that LAN (fully connected)
    adj = defaultdict(set)
    for lan, devices in lan_to_devices.items():
        for i in range(len(devices)):
            for j in range(i+1, len(devices)):
                d1 = devices[i]
                d2 = devices[j]
                adj[d1].add(d2)
                adj[d2].add(d1)

    # Identify hosts (names starting with 'h')
    hosts = [device for device in topology if device.startswith('h')]

    # For each host, compute shortest paths to all other hosts using BFS
    paths_dict = {}
    for src in hosts:
        # BFS from src to all other nodes
        visited = {src}
        queue = deque([(src, [src])])
        paths = {}
        while queue:
            current, path = queue.popleft()
            if current.startswith('h') and current != src:
                paths[current] = path
            for neighbor in adj[current]:
                if neighbor not in visited:
                    visited.add(neighbor)
                    queue.append((neighbor, path + [neighbor]))
        if paths:
            paths_dict[src] = paths

    return paths_dict
