 Container netconfeval-paper-netconfeval-paper-run-f9d1eb6fd33d Creating 
 Container netconfeval-paper-netconfeval-paper-run-f9d1eb6fd33d Created 
WARNING:root:Called Step2VerifierDetailed with response=from collections import defaultdict, deque

def compute_routing_paths(topology, requirements=None):
    # Build adjacency list: device -> list of neighbor devices
    adjacency = defaultdict(list)
    # Collect devices per LAN
    lan_devices = defaultdict(list)
    for device, ports in topology.items():
        for port, lan in ports.items():
            lan_devices[lan].append(device)
    # Add edges between devices sharing a LAN
    for lan, devices in lan_devices.items():
        for i in range(len(devices)):
            for j in range(i+1, len(devices)):
                d1, d2 = devices[i], devices[j]
                adjacency[d1].append(d2)
                adjacency[d2].append(d1)
    
    # Identify all hosts (names starting with 'h')
    hosts = [dev for dev in topology if dev.startswith('h')]
    hosts.sort()  # to ensure deterministic order
    
    # Compute shortest paths between all host pairs using BFS
    paths = {}
    for src in hosts:
        paths[src] = {}
        # BFS from src
        visited = {src}
        parent = {src: None}
        queue = deque([src])
        while queue:
            current = queue.popleft()
            for neighbor in adjacency.get(current, []):
                if neighbor not in visited:
                    visited.add(neighbor)
                    parent[neighbor] = current
                    queue.append(neighbor)
        # Reconstruct paths to each other host
        for dst in hosts:
            if dst == src:
                continue
            if dst not in parent:
                continue  # unreachable, skip
            # Reconstruct path from src to dst
            path = []
            node = dst
            while node is not None:
                path.append(node)
                node = parent[node]
            path.reverse()
            # path includes src and dst and intermediate devices (all are hosts/switches)
            # No need to filter LANs as they are not in node list
            paths[src][dst] = path
    return paths, data={'extend': True, 'input': '\n', 'metadata': {'test_path': '/workspace/research/netconfeval/assets/step_2_tests/path_tests'}}
WARNING:root:Test output ============================= test session starts ==============================
platform linux -- Python 3.11.15, pytest-9.1.1, pluggy-1.6.0 -- /usr/local/bin/python
cachedir: .pytest_cache
rootdir: /tmp/tmp5gf8nbhc
plugins: anyio-4.14.1
collecting ... collected 1 item
run-last-failure: no previously failed tests, not deselecting items.

../tmp/tmp5gf8nbhc/test_code.py::test_gpt_output PASSED                  [100%]

============================== 1 passed in 0.01s ===============================

WARNING:root:Test output ============================= test session starts ==============================
platform linux -- Python 3.11.15, pytest-9.1.1, pluggy-1.6.0 -- /usr/local/bin/python
cachedir: .pytest_cache
rootdir: /tmp/tmp1bdmufgf
plugins: anyio-4.14.1
collecting ... collected 1 item
run-last-failure: no previously failed tests, not deselecting items.

../tmp/tmp1bdmufgf/test_code.py::test_gpt_output PASSED                  [100%]

============================== 1 passed in 0.01s ===============================

WARNING:root:Test output ============================= test session starts ==============================
platform linux -- Python 3.11.15, pytest-9.1.1, pluggy-1.6.0 -- /usr/local/bin/python
cachedir: .pytest_cache
rootdir: /tmp/tmpxgk2l4_y
plugins: anyio-4.14.1
collecting ... collected 1 item
run-last-failure: no previously failed tests, not deselecting items.

../tmp/tmpxgk2l4_y/test_code.py::test_gpt_output PASSED                  [100%]

============================== 1 passed in 0.01s ===============================

WARNING:root:Called Step2VerifierDetailed with response=from collections import deque, defaultdict

def compute_routing_paths(topo, requirements=None):
    # Build graph from topology
    # Create LAN to device list mapping
    lan_to_devices = defaultdict(list)
    for device, ports in topo.items():
        for port, lan in ports.items():
            lan_to_devices[lan].append(device)
    
    # Build adjacency list for devices
    graph = defaultdict(set)
    for lan, devices in lan_to_devices.items():
        for i in range(len(devices)):
            for j in range(i+1, len(devices)):
                u = devices[i]
                v = devices[j]
                graph[u].add(v)
                graph[v].add(u)
    
    # Identify hosts (devices starting with 'h')
    hosts = [d for d in graph if d.startswith('h')]
    
    # For each host pair, find shortest path using BFS
    routing_paths = {}
    for src in hosts:
        routing_paths[src] = {}
        # BFS from src to all other nodes
        visited = {src: None}
        queue = deque([src])
        while queue:
            current = queue.popleft()
            for neighbor in graph[current]:
                if neighbor not in visited:
                    visited[neighbor] = current
                    queue.append(neighbor)
        # For each other host, reconstruct path
        for dst in hosts:
            if dst == src:
                continue
            if dst in visited:
                # Reconstruct path from dst back to src
                path = []
                node = dst
                while node is not None:
                    path.append(node)
                    node = visited[node]
                path.reverse()
                routing_paths[src][dst] = path
    return routing_paths
, data={'extend': True, 'input': '\n', 'metadata': {'test_path': '/workspace/research/netconfeval/assets/step_2_tests/path_tests'}}
WARNING:root:Test output ============================= test session starts ==============================
platform linux -- Python 3.11.15, pytest-9.1.1, pluggy-1.6.0 -- /usr/local/bin/python
cachedir: .pytest_cache
rootdir: /tmp/tmp1zedxj3b
plugins: anyio-4.14.1
collecting ... collected 1 item
run-last-failure: no previously failed tests, not deselecting items.

../tmp/tmp1zedxj3b/test_code.py::test_gpt_output PASSED                  [100%]

============================== 1 passed in 0.01s ===============================

WARNING:root:Test output ============================= test session starts ==============================
platform linux -- Python 3.11.15, pytest-9.1.1, pluggy-1.6.0 -- /usr/local/bin/python
cachedir: .pytest_cache
rootdir: /tmp/tmpr_5c9_ku
plugins: anyio-4.14.1
collecting ... collected 1 item
run-last-failure: no previously failed tests, not deselecting items.

../tmp/tmpr_5c9_ku/test_code.py::test_gpt_output PASSED                  [100%]

============================== 1 passed in 0.01s ===============================

WARNING:root:Test output ============================= test session starts ==============================
platform linux -- Python 3.11.15, pytest-9.1.1, pluggy-1.6.0 -- /usr/local/bin/python
cachedir: .pytest_cache
rootdir: /tmp/tmpxhhudrq6
plugins: anyio-4.14.1
collecting ... collected 1 item
run-last-failure: no previously failed tests, not deselecting items.

../tmp/tmpxhhudrq6/test_code.py::test_gpt_output PASSED                  [100%]

============================== 1 passed in 0.01s ===============================

WARNING:root:Called Step2VerifierDetailed with response=def compute_routing_paths(topology, requirements=None):
    import collections
    lan_to_devices = collections.defaultdict(set)
    for device, ports in topology.items():
        for port, lan in ports.items():
            lan_to_devices[lan].add(device)
    graph = collections.defaultdict(list)
    for lan, devices in lan_to_devices.items():
        dev_list = list(devices)
        for i in range(len(dev_list)):
            for j in range(i+1, len(dev_list)):
                d1 = dev_list[i]
                d2 = dev_list[j]
                graph[d1].append(d2)
                graph[d2].append(d1)
    hosts = [d for d in topology if d.startswith('h')]
    result = {}
    for src in hosts:
        result[src] = {}
        targets = {h for h in hosts if h != src}
        if not targets:
            continue
        visited = {src}
        queue = collections.deque([src])
        parent = {src: None}
        found = {}
        while queue and len(found) < len(targets):
            node = queue.popleft()
            if node in targets and node not in found:
                path = []
                cur = node
                while cur is not None:
                    path.append(cur)
                    cur = parent[cur]
                path.reverse()
                found[node] = path
            for neighbor in graph.get(node, []):
                if neighbor not in visited:
                    visited.add(neighbor)
                    parent[neighbor] = node
                    queue.append(neighbor)
        for dst, path in found.items():
            result[src][dst] = path
    return result, data={'extend': True, 'input': '\n', 'metadata': {'test_path': '/workspace/research/netconfeval/assets/step_2_tests/path_tests'}}
WARNING:root:Test output ============================= test session starts ==============================
platform linux -- Python 3.11.15, pytest-9.1.1, pluggy-1.6.0 -- /usr/local/bin/python
cachedir: .pytest_cache
rootdir: /tmp/tmp343g6dnm
plugins: anyio-4.14.1
collecting ... collected 1 item
run-last-failure: no previously failed tests, not deselecting items.

../tmp/tmp343g6dnm/test_code.py::test_gpt_output PASSED                  [100%]

============================== 1 passed in 0.01s ===============================

WARNING:root:Test output ============================= test session starts ==============================
platform linux -- Python 3.11.15, pytest-9.1.1, pluggy-1.6.0 -- /usr/local/bin/python
cachedir: .pytest_cache
rootdir: /tmp/tmpltnvq1am
plugins: anyio-4.14.1
collecting ... collected 1 item
run-last-failure: no previously failed tests, not deselecting items.

../tmp/tmpltnvq1am/test_code.py::test_gpt_output PASSED                  [100%]

============================== 1 passed in 0.01s ===============================

WARNING:root:Test output ============================= test session starts ==============================
platform linux -- Python 3.11.15, pytest-9.1.1, pluggy-1.6.0 -- /usr/local/bin/python
cachedir: .pytest_cache
rootdir: /tmp/tmpo_93ur3l
plugins: anyio-4.14.1
collecting ... collected 1 item
run-last-failure: no previously failed tests, not deselecting items.

../tmp/tmpo_93ur3l/test_code.py::test_gpt_output PASSED                  [100%]

============================== 1 passed in 0.01s ===============================

WARNING:root:Called Step2VerifierDetailed with response=def compute_routing_paths(topo, requirements=None):
    import itertools
    from collections import defaultdict

    # Build adjacency list: device -> list of (neighbor_device, port)
    adj = defaultdict(list)
    # Also track hosts
    hosts = set()
    devices = set()

    # First, identify all devices and hosts
    for device, ports in topo.items():
        devices.add(device)
        if device.startswith('h'):
            hosts.add(device)

    # For each LAN, we need to find all devices connected to it
    lan_to_devices = defaultdict(list)
    for device, ports in topo.items():
        for port, lan in ports.items():
            lan_to_devices[lan].append(device)

    # Build adjacency links
    for lan, devs in lan_to_devices.items():
        # All devices on the same LAN are connected to each other
        for d1, d2 in itertools.combinations(devs, 2):
            adj[d1].append(d2)
            adj[d2].append(d1)
        # If a LAN has only one device, it's an endpoint, but we still need to consider self? Not needed.

    # Find all pairs of hosts
    host_pairs = list(itertools.combinations(hosts, 2))

    # BFS to find shortest path between two nodes
    def bfs_shortest_path(start, end):
        visited = {start}
        queue = [[start]]
        while queue:
            path = queue.pop(0)
            node = path[-1]
            if node == end:
                return path
            for neighbour in adj[node]:
                if neighbour not in visited:
                    visited.add(neighbour)
                    new_path = list(path)
                    new_path.append(neighbour)
                    queue.append(new_path)
        return None

    # Build result dictionary
    result = {}
    for host in hosts:
        result[host] = {}

    for h1, h2 in host_pairs:
        path = bfs_shortest_path(h1, h2)
        if path:
            result[h1][h2] = path
            result[h2][h1] = list(reversed(path))
        else:
            # No path - may not happen in connected network
            result[h1][h2] = []
            result[h2][h1] = []

    # Convert to dict of dicts as required (already)
    return dict(result), data={'extend': True, 'input': '\n', 'metadata': {'test_path': '/workspace/research/netconfeval/assets/step_2_tests/path_tests'}}
WARNING:root:Test output ============================= test session starts ==============================
platform linux -- Python 3.11.15, pytest-9.1.1, pluggy-1.6.0 -- /usr/local/bin/python
cachedir: .pytest_cache
rootdir: /tmp/tmpy0nib0fj
plugins: anyio-4.14.1
collecting ... collected 1 item
run-last-failure: no previously failed tests, not deselecting items.

../tmp/tmpy0nib0fj/test_code.py::test_gpt_output PASSED                  [100%]

============================== 1 passed in 0.01s ===============================

WARNING:root:Test output ============================= test session starts ==============================
platform linux -- Python 3.11.15, pytest-9.1.1, pluggy-1.6.0 -- /usr/local/bin/python
cachedir: .pytest_cache
rootdir: /tmp/tmpj_7w3qai
plugins: anyio-4.14.1
collecting ... collected 1 item
run-last-failure: no previously failed tests, not deselecting items.

../tmp/tmpj_7w3qai/test_code.py::test_gpt_output PASSED                  [100%]

============================== 1 passed in 0.01s ===============================

WARNING:root:Test output ============================= test session starts ==============================
platform linux -- Python 3.11.15, pytest-9.1.1, pluggy-1.6.0 -- /usr/local/bin/python
cachedir: .pytest_cache
rootdir: /tmp/tmpnglryv_n
plugins: anyio-4.14.1
collecting ... collected 1 item
run-last-failure: no previously failed tests, not deselecting items.

../tmp/tmpnglryv_n/test_code.py::test_gpt_output PASSED                  [100%]

============================== 1 passed in 0.01s ===============================

